Determining if the pthread_create exist failed with the following output:
Change Dir: /home/cs18/Desktop/Assignment7/build/CMakeFiles/CMakeTmp

Run Build Command:"/usr/bin/make" "cmTC_1faf9/fast"
make[1]: Entering directory '/home/cs18/Desktop/Assignment7/build/CMakeFiles/CMakeTmp'
/usr/bin/make -f CMakeFiles/cmTC_1faf9.dir/build.make CMakeFiles/cmTC_1faf9.dir/build
make[2]: Entering directory '/home/cs18/Desktop/Assignment7/build/CMakeFiles/CMakeTmp'
Building C object CMakeFiles/cmTC_1faf9.dir/CheckSymbolExists.c.o
/usr/bin/cc    -o CMakeFiles/cmTC_1faf9.dir/CheckSymbolExists.c.o   -c /home/cs18/Desktop/Assignment7/build/CMakeFiles/CMakeTmp/CheckSymbolExists.c
Linking C executable cmTC_1faf9
/usr/bin/cmake -E cmake_link_script CMakeFiles/cmTC_1faf9.dir/link.txt --verbose=1
/usr/bin/cc      CMakeFiles/cmTC_1faf9.dir/CheckSymbolExists.c.o  -o cmTC_1faf9 
CMakeFiles/cmTC_1faf9.dir/CheckSymbolExists.c.o: In function `main':
CheckSymbolExists.c:(.text+0x1b): undefined reference to `pthread_create'
collect2: error: ld returned 1 exit status
CMakeFiles/cmTC_1faf9.dir/build.make:97: recipe for target 'cmTC_1faf9' failed
make[2]: *** [cmTC_1faf9] Error 1
make[2]: Leaving directory '/home/cs18/Desktop/Assignment7/build/CMakeFiles/CMakeTmp'
Makefile:126: recipe for target 'cmTC_1faf9/fast' failed
make[1]: *** [cmTC_1faf9/fast] Error 2
make[1]: Leaving directory '/home/cs18/Desktop/Assignment7/build/CMakeFiles/CMakeTmp'

File /home/cs18/Desktop/Assignment7/build/CMakeFiles/CMakeTmp/CheckSymbolExists.c:
/* */
#include <pthread.h>

int main(int argc, char** argv)
{
  (void)argv;
#ifndef pthread_create
  return ((int*)(&pthread_create))[argc];
#else
  (void)argc;
  return 0;
#endif
}

Determining if the function pthread_create exists in the pthreads failed with the following output:
Change Dir: /home/cs18/Desktop/Assignment7/build/CMakeFiles/CMakeTmp

Run Build Command:"/usr/bin/make" "cmTC_76033/fast"
make[1]: Entering directory '/home/cs18/Desktop/Assignment7/build/CMakeFiles/CMakeTmp'
/usr/bin/make -f CMakeFiles/cmTC_76033.dir/build.make CMakeFiles/cmTC_76033.dir/build
make[2]: Entering directory '/home/cs18/Desktop/Assignment7/build/CMakeFiles/CMakeTmp'
Building C object CMakeFiles/cmTC_76033.dir/CheckFunctionExists.c.o
/usr/bin/cc   -DCHECK_FUNCTION_EXISTS=pthread_create   -o CMakeFiles/cmTC_76033.dir/CheckFunctionExists.c.o   -c /usr/share/cmake-3.10/Modules/CheckFunctionExists.c
Linking C executable cmTC_76033
/usr/bin/cmake -E cmake_link_script CMakeFiles/cmTC_76033.dir/link.txt --verbose=1
/usr/bin/cc  -DCHECK_FUNCTION_EXISTS=pthread_create    CMakeFiles/cmTC_76033.dir/CheckFunctionExists.c.o  -o cmTC_76033 -lpthreads 
/usr/bin/ld: cannot find -lpthreads
collect2: error: ld returned 1 exit status
CMakeFiles/cmTC_76033.dir/build.make:97: recipe for target 'cmTC_76033' failed
make[2]: *** [cmTC_76033] Error 1
make[2]: Leaving directory '/home/cs18/Desktop/Assignment7/build/CMakeFiles/CMakeTmp'
Makefile:126: recipe for target 'cmTC_76033/fast' failed
make[1]: *** [cmTC_76033/fast] Error 2
make[1]: Leaving directory '/home/cs18/Desktop/Assignment7/build/CMakeFiles/CMakeTmp'


